<?xml version="1.0" encoding="UTF-8"?>
<!-- Generated by org.testng.reporters.JUnitReportReporter -->
<testsuite hostname="DESKTOP-GLA0AO1" failures="0" tests="1" name="com.backend.ComplextPostRequest.DPK.PostRequestViaPojoClass" time="5.681" errors="0" timestamp="2024-06-22T15:18:40 IST" skipped="0">
  <testcase classname="com.backend.ComplextPostRequest.DPK.PostRequestViaPojoClass" name="postDataToServer" time="5.681"/>
</testsuite> <!-- com.backend.ComplextPostRequest.DPK.PostRequestViaPojoClass -->
