<?xml version="1.0" encoding="UTF-8"?>
<!-- Generated by org.testng.reporters.JUnitReportReporter -->
<testsuite hostname="DESKTOP-GLA0AO1" failures="0" tests="1" name="requestHeader.CaptureUserDetails" time="6.700" errors="0" timestamp="2024-06-15T09:59:58 IST" skipped="0">
  <testcase classname="requestHeader.CaptureUserDetails" name="getUsersList" time="6.700"/>
</testsuite> <!-- requestHeader.CaptureUserDetails -->
