<?xml version="1.0" encoding="UTF-8"?>
<!-- Generated by org.testng.reporters.JUnitReportReporter -->
<testsuite hostname="DESKTOP-GLA0AO1" failures="0" tests="1" name="requestHeader.PetImageUpload" time="10.814" errors="0" timestamp="2024-06-18T12:01:04 IST" skipped="0">
  <testcase classname="requestHeader.PetImageUpload" name="uploadPetImage" time="10.814"/>
</testsuite> <!-- requestHeader.PetImageUpload -->
