<?xml version="1.0" encoding="UTF-8"?>
<!-- Generated by org.testng.reporters.JUnitReportReporter -->
<testsuite hostname="DESKTOP-GLA0AO1" failures="0" tests="1" name="com.backend.Encoding_Encryption_Base64_AES.DPK.UpdatePayrollInfoViaAESEncryption" time="5.837" errors="0" timestamp="2024-07-07T23:16:24 IST" skipped="0">
  <testcase classname="com.backend.Encoding_Encryption_Base64_AES.DPK.UpdatePayrollInfoViaAESEncryption" name="updatePayrollInfoEncryption" time="5.837"/>
</testsuite> <!-- com.backend.Encoding_Encryption_Base64_AES.DPK.UpdatePayrollInfoViaAESEncryption -->
