<?xml version="1.0" encoding="UTF-8"?>
<!-- Generated by org.testng.reporters.JUnitReportReporter -->
<testsuite hostname="DESKTOP-GLA0AO1" failures="0" tests="1" name="com.backend.sampleCRUDwithBDD.DPK.DeleteSampleTest" time="4.289" errors="0" timestamp="2024-06-20T19:22:45 IST" skipped="0">
  <testcase classname="com.backend.sampleCRUDwithBDD.DPK.DeleteSampleTest" name="deleteDataFromServer" time="4.289"/>
</testsuite> <!-- com.backend.sampleCRUDwithBDD.DPK.DeleteSampleTest -->
