<?xml version="1.0" encoding="UTF-8"?>
<!-- Generated by org.testng.reporters.JUnitReportReporter -->
<testsuite hostname="DESKTOP-GLA0AO1" failures="0" tests="1" name="in.reqres.api.crud.CreateUser" time="5.160" errors="0" timestamp="2024-06-14T18:21:03 IST" skipped="0">
  <testcase classname="in.reqres.api.crud.CreateUser" name="createAUser" time="5.160"/>
</testsuite> <!-- in.reqres.api.crud.CreateUser -->
