<?xml version="1.0" encoding="UTF-8"?>
<!-- Generated by org.testng.reporters.JUnitReportReporter -->
<testsuite hostname="DESKTOP-GLA0AO1" failures="0" tests="1" name="requestChaining.ReadPet" time="1.610" errors="0" timestamp="2024-06-18T20:09:37 IST" skipped="0">
  <testcase classname="requestChaining.ReadPet" name="readPet" time="1.610"/>
</testsuite> <!-- requestChaining.ReadPet -->
