<?xml version="1.0" encoding="UTF-8"?>
<!-- Generated by org.testng.reporters.JUnitReportReporter -->
<testsuite hostname="DESKTOP-GLA0AO1" failures="0" tests="1" name="serialization_deserialization_restassured.CreatePet" time="6.855" errors="0" timestamp="2024-06-18T21:21:57 IST" skipped="0">
  <testcase classname="serialization_deserialization_restassured.CreatePet" name="addPet" time="6.855"/>
</testsuite> <!-- serialization_deserialization_restassured.CreatePet -->
