<?xml version="1.0" encoding="UTF-8"?>
<!-- Generated by org.testng.reporters.JUnitReportReporter -->
<testsuite hostname="DESKTOP-GLA0AO1" failures="0" tests="1" name="com.backend.AssertionResponseValidation.DPK.CaptureMultipleDataFromResponse" time="3.996" errors="0" timestamp="2024-06-24T18:50:49 IST" skipped="0">
  <testcase classname="com.backend.AssertionResponseValidation.DPK.CaptureMultipleDataFromResponse" name="captureMultiData" time="3.996"/>
</testsuite> <!-- com.backend.AssertionResponseValidation.DPK.CaptureMultipleDataFromResponse -->
