<?xml version="1.0" encoding="UTF-8"?>
<!-- Generated by org.testng.reporters.JUnitReportReporter -->
<testsuite hostname="DESKTOP-GLA0AO1" failures="0" tests="1" name="request_body.RequestBodyFromAMethod" time="6.083" errors="0" timestamp="2024-06-14T19:04:43 IST" skipped="0">
  <testcase classname="request_body.RequestBodyFromAMethod" name="createUser" time="6.083"/>
</testsuite> <!-- request_body.RequestBodyFromAMethod -->
