<?xml version="1.0" encoding="UTF-8"?>
<!-- Generated by org.testng.reporters.JUnitReportReporter -->
<testsuite hostname="DESKTOP-GLA0AO1" failures="0" tests="1" name="com.backend.AuthentcshnAuthorizshn.DPK.BearerTokenTest" time="4.586" errors="0" timestamp="2024-06-27T09:57:41 IST" skipped="0">
  <testcase classname="com.backend.AuthentcshnAuthorizshn.DPK.BearerTokenTest" name="bearerTokenAuthTest" time="4.586"/>
</testsuite> <!-- com.backend.AuthentcshnAuthorizshn.DPK.BearerTokenTest -->
