<?xml version="1.0" encoding="UTF-8"?>
<!-- Generated by org.testng.reporters.JUnitReportReporter -->
<testsuite hostname="DESKTOP-GLA0AO1" failures="0" tests="1" name="com.backend.requestChainingDPK.Scenario1_DeleteProject" time="5.831" errors="0" timestamp="2024-06-24T20:13:58 IST" skipped="0">
  <testcase classname="com.backend.requestChainingDPK.Scenario1_DeleteProject" name="deleteProjectInServer" time="5.831"/>
</testsuite> <!-- com.backend.requestChainingDPK.Scenario1_DeleteProject -->
