<?xml version="1.0" encoding="UTF-8"?>
<!-- Generated by org.testng.reporters.JUnitReportReporter -->
<testsuite hostname="DESKTOP-GLA0AO1" failures="0" tests="1" name="com.backend.practice.DPK.Runner" time="0.025" errors="0" timestamp="2024-06-19T18:56:20 IST" skipped="0">
  <testcase classname="com.backend.practice.DPK.Runner" name="sampleTest" time="0.025"/>
</testsuite> <!-- com.backend.practice.DPK.Runner -->
