<?xml version="1.0" encoding="UTF-8"?>
<!-- Generated by org.testng.reporters.JUnitReportReporter -->
<testsuite hostname="DESKTOP-GLA0AO1" failures="0" tests="1" name="com.backendworkingproject.DPK.SampleTest" time="5.773" errors="0" timestamp="2024-06-19T18:42:16 IST" skipped="0">
  <testcase classname="com.backendworkingproject.DPK.SampleTest" name="sampleGetRequestTest" time="5.773"/>
</testsuite> <!-- com.backendworkingproject.DPK.SampleTest -->
