<?xml version="1.0" encoding="UTF-8"?>
<!-- Generated by org.testng.reporters.JUnitReportReporter -->
<testsuite hostname="DESKTOP-GLA0AO1" failures="0" tests="1" name="in.reqres.api.crud.CaptureUsersInfo" time="5.615" errors="0" timestamp="2024-06-14T18:28:06 IST" skipped="0">
  <testcase classname="in.reqres.api.crud.CaptureUsersInfo" name="getUsersList" time="5.615"/>
</testsuite> <!-- in.reqres.api.crud.CaptureUsersInfo -->
