<?xml version="1.0" encoding="UTF-8"?>
<!-- Generated by org.testng.reporters.JUnitReportReporter -->
<testsuite hostname="DESKTOP-GLA0AO1" failures="0" tests="1" name="com.backend.AuthentcshnAuthorizshn.DPK.BasicAuthTest" time="4.362" errors="0" timestamp="2024-06-26T17:44:58 IST" skipped="0">
  <testcase classname="com.backend.AuthentcshnAuthorizshn.DPK.BasicAuthTest" name="basicAuthorizationTest" time="4.362"/>
</testsuite> <!-- com.backend.AuthentcshnAuthorizshn.DPK.BasicAuthTest -->
