<?xml version="1.0" encoding="UTF-8"?>
<!-- Generated by org.testng.reporters.JUnitReportReporter -->
<testsuite hostname="DESKTOP-GLA0AO1" failures="0" tests="1" name="com.backend.requestChainingDPK.Scenario3_GetPayroll_Info" time="5.920" errors="0" timestamp="2024-06-25T13:38:50 IST" skipped="0">
  <testcase classname="com.backend.requestChainingDPK.Scenario3_GetPayroll_Info" name="getEmpPayRollInfo" time="5.920"/>
</testsuite> <!-- com.backend.requestChainingDPK.Scenario3_GetPayroll_Info -->
