<?xml version="1.0" encoding="UTF-8"?>
<!-- Generated by org.testng.reporters.JUnitReportReporter -->
<testsuite hostname="DESKTOP-GLA0AO1" failures="0" tests="1" name="com.backend.API_Parameters.DPK.ParamParameterTest" time="3.864" errors="0" timestamp="2024-06-26T15:54:51 IST" skipped="0">
  <testcase classname="com.backend.API_Parameters.DPK.ParamParameterTest" name="paramParamterTest" time="3.864"/>
</testsuite> <!-- com.backend.API_Parameters.DPK.ParamParameterTest -->
