<?xml version="1.0" encoding="UTF-8"?>
<!-- Generated by org.testng.reporters.JUnitReportReporter -->
<testsuite hostname="DESKTOP-GLA0AO1" failures="0" tests="1" name="request_body.RequestBodyFromPOJOClass" time="6.015" errors="0" timestamp="2024-06-14T20:31:02 IST" skipped="0">
  <testcase classname="request_body.RequestBodyFromPOJOClass" name="createUser" time="6.015"/>
</testsuite> <!-- request_body.RequestBodyFromPOJOClass -->
