<?xml version="1.0" encoding="UTF-8"?>
<!-- Generated by org.testng.reporters.JUnitReportReporter -->
<testsuite hostname="DESKTOP-GLA0AO1" failures="0" tests="1" name="com.backend.sampleCRUDwithoutBDD.DPK.PostSampleTest" time="5.820" errors="0" timestamp="2024-07-06T05:36:16 IST" skipped="0">
  <testcase classname="com.backend.sampleCRUDwithoutBDD.DPK.PostSampleTest" name="postDataIntoServer" time="5.820"/>
</testsuite> <!-- com.backend.sampleCRUDwithoutBDD.DPK.PostSampleTest -->
