<?xml version="1.0" encoding="UTF-8"?>
<!-- Generated by org.testng.reporters.JUnitReportReporter -->
<testsuite hostname="DESKTOP-GLA0AO1" failures="0" tests="1" name="com.backend.ComplextPostRequest.DPK.PostRequestUsingHashmap" time="5.065" errors="0" timestamp="2024-06-29T13:32:22 IST" skipped="0">
  <testcase classname="com.backend.ComplextPostRequest.DPK.PostRequestUsingHashmap" name="postDataToServer" time="5.065"/>
</testsuite> <!-- com.backend.ComplextPostRequest.DPK.PostRequestUsingHashmap -->
