<?xml version="1.0" encoding="UTF-8"?>
<!-- Generated by org.testng.reporters.JUnitReportReporter -->
<testsuite hostname="DESKTOP-GLA0AO1" failures="0" tests="1" name="com.NinzaHRM.Ninza.Project.DPK.GetAllProjectsWithQueryParam" time="6.197" errors="0" timestamp="2024-06-25T15:47:07 IST" skipped="0">
  <testcase classname="com.NinzaHRM.Ninza.Project.DPK.GetAllProjectsWithQueryParam" name="getAllProjects" time="6.197"/>
</testsuite> <!-- com.NinzaHRM.Ninza.Project.DPK.GetAllProjectsWithQueryParam -->
