<?xml version="1.0" encoding="UTF-8"?>
<!-- Generated by org.testng.reporters.JUnitReportReporter -->
<testsuite hostname="DESKTOP-GLA0AO1" failures="0" tests="1" name="com.backend.AssertionResponseValidation.DPK.JsonXpathBasedOnCondition" time="4.029" errors="0" timestamp="2024-06-24T19:11:02 IST" skipped="0">
  <testcase classname="com.backend.AssertionResponseValidation.DPK.JsonXpathBasedOnCondition" name="getJsonXpathForCondition" time="4.029"/>
</testsuite> <!-- com.backend.AssertionResponseValidation.DPK.JsonXpathBasedOnCondition -->
