<?xml version="1.0" encoding="UTF-8"?>
<!-- Generated by org.testng.reporters.JUnitReportReporter -->
<testsuite hostname="DESKTOP-GLA0AO1" failures="0" tests="1" name="com.backend.sampleCRUDwithoutBDD.DPK.PatchSampleTest" time="4.167" errors="0" timestamp="2024-06-22T14:48:51 IST" skipped="0">
  <testcase classname="com.backend.sampleCRUDwithoutBDD.DPK.PatchSampleTest" name="patchDataIntoServer" time="4.167"/>
</testsuite> <!-- com.backend.sampleCRUDwithoutBDD.DPK.PatchSampleTest -->
