<?xml version="1.0" encoding="UTF-8"?>
<!-- Generated by org.testng.reporters.JUnitReportReporter -->
<testsuite hostname="DESKTOP-GLA0AO1" failures="0" tests="1" name="com.backend.API_Parameters.DPK.FormParamTest" time="3.900" errors="0" timestamp="2024-06-26T15:52:39 IST" skipped="0">
  <testcase classname="com.backend.API_Parameters.DPK.FormParamTest" name="formParameterTest" time="3.900"/>
</testsuite> <!-- com.backend.API_Parameters.DPK.FormParamTest -->
