<?xml version="1.0" encoding="UTF-8"?>
<!-- Generated by org.testng.reporters.JUnitReportReporter -->
<testsuite hostname="DESKTOP-GLA0AO1" failures="0" tests="1" name="com.backend.sampleCRUDwithBDD.DPK.PatchSampleTest" time="4.057" errors="0" timestamp="2024-06-20T19:18:30 IST" skipped="0">
  <testcase classname="com.backend.sampleCRUDwithBDD.DPK.PatchSampleTest" name="patchDataIntoServer" time="4.057"/>
</testsuite> <!-- com.backend.sampleCRUDwithBDD.DPK.PatchSampleTest -->
