<?xml version="1.0" encoding="UTF-8"?>
<!-- Generated by org.testng.reporters.JUnitReportReporter -->
<testsuite hostname="DESKTOP-GLA0AO1" failures="0" tests="1" name="com.backend.practice.DPK.DrvierMC" time="0.037" errors="0" timestamp="2024-06-20T09:25:10 IST" skipped="0">
  <testcase classname="com.backend.practice.DPK.DrvierMC" name="sampleTest" time="0.037"/>
</testsuite> <!-- com.backend.practice.DPK.DrvierMC -->
