<?xml version="1.0" encoding="UTF-8"?>
<!-- Generated by org.testng.reporters.JUnitReportReporter -->
<testsuite hostname="DESKTOP-GLA0AO1" failures="0" tests="1" name="request_body.RequestBodyFromJSONFile" time="5.234" errors="0" timestamp="2024-06-22T12:58:57 IST" skipped="0">
  <testcase classname="request_body.RequestBodyFromJSONFile" name="createUser" time="5.234"/>
</testsuite> <!-- request_body.RequestBodyFromJSONFile -->
