<?xml version="1.0" encoding="UTF-8"?>
<!-- Generated by org.testng.reporters.JUnitReportReporter -->
<testsuite hostname="DESKTOP-GLA0AO1" failures="0" tests="1" name="com.backend.AuthentcshnAuthorizshn.DPK.DigestiveAuthTest" time="5.930" errors="0" timestamp="2024-06-26T18:01:43 IST" skipped="0">
  <testcase classname="com.backend.AuthentcshnAuthorizshn.DPK.DigestiveAuthTest" name="digestiveAuthTest" time="5.930"/>
</testsuite> <!-- com.backend.AuthentcshnAuthorizshn.DPK.DigestiveAuthTest -->
