<?xml version="1.0" encoding="UTF-8"?>
<!-- Generated by org.testng.reporters.JUnitReportReporter -->
<testsuite hostname="DESKTOP-GLA0AO1" failures="0" tests="1" name="com.backend.sampleCRUDwithBDD.DPK.PutSampleTest" time="4.635" errors="0" timestamp="2024-06-20T19:11:12 IST" skipped="0">
  <testcase classname="com.backend.sampleCRUDwithBDD.DPK.PutSampleTest" name="putDataIntoServer" time="4.635"/>
</testsuite> <!-- com.backend.sampleCRUDwithBDD.DPK.PutSampleTest -->
