<?xml version="1.0" encoding="UTF-8"?>
<!-- Generated by org.testng.reporters.JUnitReportReporter -->
<testsuite hostname="DESKTOP-GLA0AO1" failures="0" tests="1" name="com.backend.sampleCRUDwithoutBDD.DPK.GetSampleTest" time="4.816" errors="0" timestamp="2024-06-20T13:26:03 IST" skipped="0">
  <testcase classname="com.backend.sampleCRUDwithoutBDD.DPK.GetSampleTest" name="getDataFromServer" time="4.816"/>
</testsuite> <!-- com.backend.sampleCRUDwithoutBDD.DPK.GetSampleTest -->
