<?xml version="1.0" encoding="UTF-8"?>
<!-- Generated by org.testng.reporters.JUnitReportReporter -->
<testsuite hostname="DESKTOP-GLA0AO1" failures="0" tests="2" name="com.NinzaHRM.Ninza.Project.DPK.ProjectTest" time="9.785" errors="0" timestamp="2024-07-02T09:44:00 IST" skipped="0">
  <testcase classname="com.NinzaHRM.Ninza.Project.DPK.ProjectTest" name="addSingleProjectWithCreatedTest" time="9.318"/>
  <testcase classname="com.NinzaHRM.Ninza.Project.DPK.ProjectTest" name="createDuplicateProjectTest" time="0.467"/>
</testsuite> <!-- com.NinzaHRM.Ninza.Project.DPK.ProjectTest -->
