<?xml version="1.0" encoding="UTF-8"?>
<!-- Generated by org.testng.reporters.JUnitReportReporter -->
<testsuite hostname="DESKTOP-GLA0AO1" failures="0" tests="1" name="com.backend.EncodingAndEncryption.DPK.EncodeAndDecodeTest" time="0.085" errors="0" timestamp="2024-06-27T18:38:01 IST" skipped="0">
  <testcase classname="com.backend.EncodingAndEncryption.DPK.EncodeAndDecodeTest" name="encodingTest" time="0.085"/>
</testsuite> <!-- com.backend.EncodingAndEncryption.DPK.EncodeAndDecodeTest -->
