<?xml version="1.0" encoding="UTF-8"?>
<!-- Generated by org.testng.reporters.JUnitReportReporter -->
<testsuite hostname="DESKTOP-GLA0AO1" failures="0" tests="1" name="handlingComplexJson.CreatePetWithPojo" time="13.870" errors="0" timestamp="2024-06-14T21:11:35 IST" skipped="0">
  <testcase classname="handlingComplexJson.CreatePetWithPojo" name="createAPet" time="13.870"/>
</testsuite> <!-- handlingComplexJson.CreatePetWithPojo -->
