<?xml version="1.0" encoding="UTF-8"?>
<!-- Generated by org.testng.reporters.JUnitReportReporter -->
<testsuite hostname="DESKTOP-GLA0AO1" failures="0" tests="4" name="requestChaining.PetStore" time="17.122" errors="0" timestamp="2024-06-18T19:09:36 IST" skipped="0">
  <testcase classname="requestChaining.PetStore" name="readPet" time="1.901"/>
  <testcase classname="requestChaining.PetStore" name="updatePet" time="1.461"/>
  <testcase classname="requestChaining.PetStore" name="createPet" time="12.758"/>
  <testcase classname="requestChaining.PetStore" name="deletePet" time="1.002"/>
</testsuite> <!-- requestChaining.PetStore -->
