<?xml version="1.0" encoding="UTF-8"?>
<!-- Generated by org.testng.reporters.JUnitReportReporter -->
<testsuite hostname="DESKTOP-GLA0AO1" failures="0" tests="14" name="com.backend.APiDataDrivenTesting.DPK.AddMultipleProjectsDataProviderDDTest" time="6.139" errors="0" timestamp="2024-07-06T06:47:26 IST" skipped="0">
  <testcase classname="com.backend.APiDataDrivenTesting.DPK.AddMultipleProjectsDataProviderDDTest" name="multipleProjectTest" time="0.058"/>
  <testcase classname="com.backend.APiDataDrivenTesting.DPK.AddMultipleProjectsDataProviderDDTest" name="multipleProjectTest" time="5.324"/>
  <testcase classname="com.backend.APiDataDrivenTesting.DPK.AddMultipleProjectsDataProviderDDTest" name="multipleProjectTest" time="0.051"/>
  <testcase classname="com.backend.APiDataDrivenTesting.DPK.AddMultipleProjectsDataProviderDDTest" name="multipleProjectTest" time="0.057"/>
  <testcase classname="com.backend.APiDataDrivenTesting.DPK.AddMultipleProjectsDataProviderDDTest" name="multipleProjectTest" time="0.060"/>
  <testcase classname="com.backend.APiDataDrivenTesting.DPK.AddMultipleProjectsDataProviderDDTest" name="multipleProjectTest" time="0.049"/>
  <testcase classname="com.backend.APiDataDrivenTesting.DPK.AddMultipleProjectsDataProviderDDTest" name="multipleProjectTest" time="0.071"/>
  <testcase classname="com.backend.APiDataDrivenTesting.DPK.AddMultipleProjectsDataProviderDDTest" name="multipleProjectTest" time="0.073"/>
  <testcase classname="com.backend.APiDataDrivenTesting.DPK.AddMultipleProjectsDataProviderDDTest" name="multipleProjectTest" time="0.068"/>
  <testcase classname="com.backend.APiDataDrivenTesting.DPK.AddMultipleProjectsDataProviderDDTest" name="multipleProjectTest" time="0.064"/>
  <testcase classname="com.backend.APiDataDrivenTesting.DPK.AddMultipleProjectsDataProviderDDTest" name="multipleProjectTest" time="0.062"/>
  <testcase classname="com.backend.APiDataDrivenTesting.DPK.AddMultipleProjectsDataProviderDDTest" name="multipleProjectTest" time="0.085"/>
  <testcase classname="com.backend.APiDataDrivenTesting.DPK.AddMultipleProjectsDataProviderDDTest" name="multipleProjectTest" time="0.055"/>
  <testcase classname="com.backend.APiDataDrivenTesting.DPK.AddMultipleProjectsDataProviderDDTest" name="multipleProjectTest" time="0.062"/>
</testsuite> <!-- com.backend.APiDataDrivenTesting.DPK.AddMultipleProjectsDataProviderDDTest -->
