<?xml version="1.0" encoding="UTF-8"?>
<!-- Generated by org.testng.reporters.JUnitReportReporter -->
<testsuite hostname="DESKTOP-GLA0AO1" failures="0" tests="1" name="com.backend.testing.DPK.SampleTest" time="5.000" errors="0" timestamp="2024-06-22T14:41:36 IST" skipped="0">
  <testcase classname="com.backend.testing.DPK.SampleTest" name="sampleGetRequestTest" time="5.000"/>
</testsuite> <!-- com.backend.testing.DPK.SampleTest -->
