<?xml version="1.0" encoding="UTF-8"?>
<!-- Generated by org.testng.reporters.JUnitReportReporter -->
<testsuite hostname="DESKTOP-GLA0AO1" failures="0" tests="3" name="com.backend.APiDataDrivenTesting.DPK.AddMultipleProjctTest" time="7.795" errors="0" timestamp="2024-06-28T10:29:58 IST" skipped="0">
  <testcase classname="com.backend.APiDataDrivenTesting.DPK.AddMultipleProjctTest" name="multipleProjectTest" time="7.583"/>
  <testcase classname="com.backend.APiDataDrivenTesting.DPK.AddMultipleProjctTest" name="multipleProjectTest" time="0.079"/>
  <testcase classname="com.backend.APiDataDrivenTesting.DPK.AddMultipleProjctTest" name="multipleProjectTest" time="0.133"/>
</testsuite> <!-- com.backend.APiDataDrivenTesting.DPK.AddMultipleProjctTest -->
