<?xml version="1.0" encoding="UTF-8"?>
<!-- Generated by org.testng.reporters.JUnitReportReporter -->
<testsuite hostname="DESKTOP-GLA0AO1" failures="0" tests="1" name="com.backend.sampleCRUDwithoutBDD.DPK.DeleteSampleTest" time="4.206" errors="0" timestamp="2024-06-20T17:47:50 IST" skipped="0">
  <testcase classname="com.backend.sampleCRUDwithoutBDD.DPK.DeleteSampleTest" name="deleteDataFromServer" time="4.206"/>
</testsuite> <!-- com.backend.sampleCRUDwithoutBDD.DPK.DeleteSampleTest -->
