<?xml version="1.0" encoding="UTF-8"?>
<!-- Generated by org.testng.reporters.JUnitReportReporter -->
<testsuite hostname="DESKTOP-GLA0AO1" failures="0" tests="1" name="com.backend.ResponseValidation.DPK.VerifyResponseHeaderTest" time="4.590" errors="0" timestamp="2024-06-22T16:13:54 IST" skipped="0">
  <testcase classname="com.backend.ResponseValidation.DPK.VerifyResponseHeaderTest" name="verifyHeader" time="4.590"/>
</testsuite> <!-- com.backend.ResponseValidation.DPK.VerifyResponseHeaderTest -->
