<?xml version="1.0" encoding="UTF-8"?>
<!-- Generated by org.testng.reporters.JUnitReportReporter -->
<testsuite hostname="DESKTOP-GLA0AO1" failures="0" tests="1" name="reqresResponseValidation.CaptureUsersInfo" time="6.744" errors="0" timestamp="2024-06-18T14:59:37 IST" skipped="0">
  <testcase classname="reqresResponseValidation.CaptureUsersInfo" name="CaptureUsers" time="6.744"/>
</testsuite> <!-- reqresResponseValidation.CaptureUsersInfo -->
