<?xml version="1.0" encoding="UTF-8"?>
<!-- Generated by org.testng.reporters.JUnitReportReporter -->
<testsuite hostname="DESKTOP-GLA0AO1" failures="0" tests="4" name="in.reqres.api.crud.ReqResTest" time="14.937" errors="0" timestamp="2024-06-10T17:26:07 IST" skipped="0">
  <testcase classname="in.reqres.api.crud.ReqResTest" name="getUsers" time="12.334"/>
  <testcase classname="in.reqres.api.crud.ReqResTest" name="createNewUser" time="1.713"/>
  <testcase classname="in.reqres.api.crud.ReqResTest" name="updateUser" time="0.459"/>
  <testcase classname="in.reqres.api.crud.ReqResTest" name="deleteUser" time="0.431"/>
</testsuite> <!-- in.reqres.api.crud.ReqResTest -->
