<?xml version="1.0" encoding="UTF-8"?>
<!-- Generated by org.testng.reporters.JUnitReportReporter -->
<testsuite hostname="DESKTOP-GLA0AO1" failures="0" tests="1" name="com.backend.sampleCRUDwithoutBDD.DPK.CreateSampleTest" time="5.630" errors="0" timestamp="2024-06-20T15:42:49 IST" skipped="0">
  <testcase classname="com.backend.sampleCRUDwithoutBDD.DPK.CreateSampleTest" name="postDataIntoServer" time="5.630"/>
</testsuite> <!-- com.backend.sampleCRUDwithoutBDD.DPK.CreateSampleTest -->
