<?xml version="1.0" encoding="UTF-8"?>
<!-- Generated by org.testng.reporters.JUnitReportReporter -->
<testsuite hostname="DESKTOP-GLA0AO1" failures="0" tests="1" name="requestHeader.GetPetDetails" time="5.605" errors="0" timestamp="2024-06-15T09:36:10 IST" skipped="0">
  <testcase classname="requestHeader.GetPetDetails" name="getPetInfo" time="5.605"/>
</testsuite> <!-- requestHeader.GetPetDetails -->
