<?xml version="1.0" encoding="UTF-8"?>
<!-- Generated by org.testng.reporters.JUnitReportReporter -->
<testsuite hostname="DESKTOP-GLA0AO1" failures="0" tests="1" name="in.Backend.BasicRestAssured.requestHeader.PetImageUpload" time="11.546" errors="0" timestamp="2024-07-07T11:33:01 IST" skipped="0">
  <testcase classname="in.Backend.BasicRestAssured.requestHeader.PetImageUpload" name="uploadPetImage" time="11.546"/>
</testsuite> <!-- in.Backend.BasicRestAssured.requestHeader.PetImageUpload -->
