<?xml version="1.0" encoding="UTF-8"?>
<!-- Generated by org.testng.reporters.JUnitReportReporter -->
<testsuite hostname="DESKTOP-GLA0AO1" failures="0" tests="1" name="com.backend.API_ParametersDPK.FormParamTest" time="4.202" errors="0" timestamp="2024-07-06T06:26:06 IST" skipped="0">
  <testcase classname="com.backend.API_ParametersDPK.FormParamTest" name="formParameterTest" time="4.202"/>
</testsuite> <!-- com.backend.API_ParametersDPK.FormParamTest -->
