<?xml version="1.0" encoding="UTF-8"?>
<!-- Generated by org.testng.reporters.JUnitReportReporter -->
<testsuite hostname="DESKTOP-GLA0AO1" failures="0" tests="1" name="com.backend.EncodingAndEncryption.DPK.APIEncodingTest" time="4.617" errors="0" timestamp="2024-06-27T15:54:04 IST" skipped="0">
  <testcase classname="com.backend.EncodingAndEncryption.DPK.APIEncodingTest" name="restAssuredEncodingTest" time="4.617"/>
</testsuite> <!-- com.backend.EncodingAndEncryption.DPK.APIEncodingTest -->
