<?xml version="1.0" encoding="UTF-8"?>
<!-- Generated by org.testng.reporters.JUnitReportReporter -->
<testsuite hostname="DESKTOP-GLA0AO1" failures="0" tests="1" name="com.NinzaHRM.Ninza.Project.DPK.PostProject" time="6.391" errors="0" timestamp="2024-06-25T14:56:14 IST" skipped="0">
  <testcase classname="com.NinzaHRM.Ninza.Project.DPK.PostProject" name="createNewProject" time="6.391"/>
</testsuite> <!-- com.NinzaHRM.Ninza.Project.DPK.PostProject -->
