<?xml version="1.0" encoding="UTF-8"?>
<!-- Generated by org.testng.reporters.JUnitReportReporter -->
<testsuite hostname="DESKTOP-GLA0AO1" failures="0" tests="1" name="com.backend.API_ParametersDPK.ParamParameterTest" time="5.385" errors="0" timestamp="2024-07-04T11:11:36 IST" skipped="0">
  <testcase classname="com.backend.API_ParametersDPK.ParamParameterTest" name="paramParamterTest" time="5.385"/>
</testsuite> <!-- com.backend.API_ParametersDPK.ParamParameterTest -->
