<?xml version="1.0" encoding="UTF-8"?>
<!-- Generated by org.testng.reporters.JUnitReportReporter -->
<testsuite hostname="DESKTOP-GLA0AO1" failures="0" tests="1" name="com.backend.practice.DPK.DemoUsingMethodChainingTest" time="5.193" errors="0" timestamp="2024-06-20T10:14:54 IST" skipped="0">
  <testcase classname="com.backend.practice.DPK.DemoUsingMethodChainingTest" name="getRequestTest" time="5.193"/>
</testsuite> <!-- com.backend.practice.DPK.DemoUsingMethodChainingTest -->
