<?xml version="1.0" encoding="UTF-8"?>
<!-- Generated by org.testng.reporters.JUnitReportReporter -->
<testsuite hostname="DESKTOP-GLA0AO1" failures="0" tests="1" name="com.backend.API_JSONSchemaValidaiton.JsonSchemaValidation" time="11.040" errors="0" timestamp="2024-07-05T13:26:38 IST" skipped="0">
  <testcase classname="com.backend.API_JSONSchemaValidaiton.JsonSchemaValidation" name="jsonSchemaValidationTest" time="11.040"/>
</testsuite> <!-- com.backend.API_JSONSchemaValidaiton.JsonSchemaValidation -->
