<?xml version="1.0" encoding="UTF-8"?>
<!-- Generated by org.testng.reporters.JUnitReportReporter -->
<testsuite hostname="DESKTOP-GLA0AO1" failures="0" tests="1" name="com.backend.sampleCRUDwithBDD.DPK.PostSampleTest" time="4.697" errors="0" timestamp="2024-06-22T13:38:19 IST" skipped="0">
  <testcase classname="com.backend.sampleCRUDwithBDD.DPK.PostSampleTest" name="postDataIntoServer" time="4.697"/>
</testsuite> <!-- com.backend.sampleCRUDwithBDD.DPK.PostSampleTest -->
