<?xml version="1.0" encoding="UTF-8"?>
<!-- Generated by org.testng.reporters.JUnitReportReporter -->
<testsuite hostname="DESKTOP-GLA0AO1" failures="0" tests="1" name="com.backend.AssertionResponseValidation.DPK.VerifyResponseBodyValidationTest" time="7.299" errors="0" timestamp="2024-07-05T21:06:19 IST" skipped="0">
  <testcase classname="com.backend.AssertionResponseValidation.DPK.VerifyResponseBodyValidationTest" name="responseBodyValidation" time="7.299"/>
</testsuite> <!-- com.backend.AssertionResponseValidation.DPK.VerifyResponseBodyValidationTest -->
