<?xml version="1.0" encoding="UTF-8"?>
<!-- Generated by org.testng.reporters.JUnitReportReporter -->
<testsuite hostname="DESKTOP-GLA0AO1" failures="0" tests="1" name="com.backend.sampleCRUDwithBDD.DPK.GetSampleTest" time="4.295" errors="0" timestamp="2024-06-20T19:01:03 IST" skipped="0">
  <testcase classname="com.backend.sampleCRUDwithBDD.DPK.GetSampleTest" name="getDataFromServer" time="4.295"/>
</testsuite> <!-- com.backend.sampleCRUDwithBDD.DPK.GetSampleTest -->
