<?xml version="1.0" encoding="UTF-8"?>
<!-- Generated by org.testng.reporters.JUnitReportReporter -->
<testsuite hostname="DESKTOP-GLA0AO1" failures="0" tests="1" name="com.backend.EncodingAndEncryption.DPK.UpdatePayrollInfoViaAESEncryption" time="4.193" errors="0" timestamp="2024-06-27T17:47:28 IST" skipped="0">
  <testcase classname="com.backend.EncodingAndEncryption.DPK.UpdatePayrollInfoViaAESEncryption" name="updatePayrollInfoEncryption" time="4.193"/>
</testsuite> <!-- com.backend.EncodingAndEncryption.DPK.UpdatePayrollInfoViaAESEncryption -->
