<?xml version="1.0" encoding="UTF-8"?>
<!-- Generated by org.testng.reporters.JUnitReportReporter -->
<testsuite hostname="DESKTOP-GLA0AO1" failures="0" tests="1" name="com.backend.StaticImport_Testing.DPK.SampleTest" time="9.530" errors="0" timestamp="2024-07-06T13:05:50 IST" skipped="0">
  <testcase classname="com.backend.StaticImport_Testing.DPK.SampleTest" name="sampleGetRequestTest" time="9.530"/>
</testsuite> <!-- com.backend.StaticImport_Testing.DPK.SampleTest -->
