<?xml version="1.0" encoding="UTF-8"?>
<!-- Generated by org.testng.reporters.JUnitReportReporter -->
<testsuite hostname="DESKTOP-GLA0AO1" failures="0" tests="1" name="in.reqres.api.crud.RequestBodyAsHashmap" time="7.451" errors="0" timestamp="2024-06-14T19:28:59 IST" skipped="0">
  <testcase classname="in.reqres.api.crud.RequestBodyAsHashmap" name="createUser" time="7.451"/>
</testsuite> <!-- in.reqres.api.crud.RequestBodyAsHashmap -->
