<?xml version="1.0" encoding="UTF-8"?>
<!-- Generated by org.testng.reporters.JUnitReportReporter -->
<testsuite hostname="DESKTOP-GLA0AO1" failures="0" tests="1" name="com.backend.requestChainingDPK.Scenario2_AddEmployeeToProject" time="6.917" errors="0" timestamp="2024-06-24T20:54:47 IST" skipped="0">
  <testcase classname="com.backend.requestChainingDPK.Scenario2_AddEmployeeToProject" name="addEmplyeeToProject" time="6.917"/>
</testsuite> <!-- com.backend.requestChainingDPK.Scenario2_AddEmployeeToProject -->
