<?xml version="1.0" encoding="UTF-8"?>
<!-- Generated by org.testng.reporters.JUnitReportReporter -->
<testsuite hostname="DESKTOP-GLA0AO1" failures="0" tests="1" name="com.backend.AuthentcshnAuthorizshn.DPK.Oauth2ProtocolTest" time="6.347" errors="0" timestamp="2024-06-27T10:28:43 IST" skipped="0">
  <testcase classname="com.backend.AuthentcshnAuthorizshn.DPK.Oauth2ProtocolTest" name="oAuth2ProtocolTest" time="6.347"/>
</testsuite> <!-- com.backend.AuthentcshnAuthorizshn.DPK.Oauth2ProtocolTest -->
