<?xml version="1.0" encoding="UTF-8"?>
<!-- Generated by org.testng.reporters.JUnitReportReporter -->
<testsuite hostname="DESKTOP-GLA0AO1" failures="0" tests="2" name="com.NinzaHRM.Ninza.Employee.DPK.EmployeeTest" time="0.427" errors="0" timestamp="2024-07-01T19:59:16 IST" skipped="0">
  <testcase classname="com.NinzaHRM.Ninza.Employee.DPK.EmployeeTest" name="addEmployeeWithoutEmail" time="0.134"/>
  <testcase classname="com.NinzaHRM.Ninza.Employee.DPK.EmployeeTest" name="addEmployeeTest" time="0.293"/>
</testsuite> <!-- com.NinzaHRM.Ninza.Employee.DPK.EmployeeTest -->
