<?xml version="1.0" encoding="UTF-8"?>
<!-- Generated by org.testng.reporters.JUnitReportReporter -->
<testsuite hostname="DESKTOP-GLA0AO1" failures="0" tests="1" name="com.backend.Assertion_ResponseValidationWithRestAssured.DPK.VerifyResponseHeaderTest" time="6.952" errors="0" timestamp="2024-07-07T23:15:47 IST" skipped="0">
  <testcase classname="com.backend.Assertion_ResponseValidationWithRestAssured.DPK.VerifyResponseHeaderTest" name="verifyHeader" time="6.952"/>
</testsuite> <!-- com.backend.Assertion_ResponseValidationWithRestAssured.DPK.VerifyResponseHeaderTest -->
