<?xml version="1.0" encoding="UTF-8"?>
<!-- Generated by org.testng.reporters.JUnitReportReporter -->
<testsuite hostname="DESKTOP-GLA0AO1" failures="0" tests="1" name="requestHeader.UpdatePet" time="7.274" errors="0" timestamp="2024-06-18T09:30:02 IST" skipped="0">
  <testcase classname="requestHeader.UpdatePet" name="updatePetInfo" time="7.274"/>
</testsuite> <!-- requestHeader.UpdatePet -->
