<?xml version="1.0" encoding="UTF-8"?>
<!-- Generated by org.testng.reporters.JUnitReportReporter -->
<testsuite hostname="DESKTOP-GLA0AO1" failures="0" tests="1" name="com.backend.ResponseValidation.DPK.VerifyResponseTimeTest" time="4.864" errors="0" timestamp="2024-06-22T16:34:26 IST" skipped="0">
  <testcase classname="com.backend.ResponseValidation.DPK.VerifyResponseTimeTest" name="verifyHeader" time="4.864"/>
</testsuite> <!-- com.backend.ResponseValidation.DPK.VerifyResponseTimeTest -->
